[2025-04-06 14:53:07] Depósito en cuenta 1003: +23.00
[2025-04-06 14:53:13] Retiro en cuenta 1001: -20.00
[2025-04-06 14:53:19] Transferencia desde cuenta 1002: >60.00
[2025-04-06 14:53:25] Depósito en cuenta 1004: +5000.00
[2025-04-06 14:53:31] ALERTA: Operación revertida en cuenta 1004 por monto 9000.00
[2025-04-06 14:53:36] Depósito en cuenta 1004: +5000.00
[2025-04-06 14:53:45] ALERTA: Operación revertida en cuenta 1004 por monto 9000.00
[2025-04-06 14:53:54] Retiro en cuenta 1004: -60.00
[2025-04-06 14:54:02] Depósito en cuenta 1004: +4980.00
[2025-04-06 14:54:12] ALERTA: Operación revertida en cuenta 1004 por monto 13000.00
[2025-04-06 14:54:23] Transferencia desde cuenta 1004: >50.00
[2025-04-06 15:18:24] Depósito en cuenta 1003: +12000.00
[2025-04-06 15:18:34] Retiro en cuenta 1001: -50.00
[2025-04-06 15:18:39] ALERTA: Operación revertida en cuenta 1003 por monto 9000.00
[2025-04-06 15:18:43] Transferencia desde cuenta 1001: >50.00
[2025-04-06 15:18:56] ALERTA: Operación revertida en cuenta 1004 por monto 13000.00
[2025-04-06 15:19:42] Depósito en cuenta 1003: +13000.00
[2025-04-06 16:10:58] Depósito en cuenta 1002: +15000.00
[2025-04-06 16:11:08] Retiro en cuenta 1004: -100.00
[2025-04-06 16:11:17] ALERTA: Operación revertida en cuenta 1002 por monto 9000.00
[2025-04-06 16:11:24] ALERTA: Operación revertida en cuenta 1002 por monto 15000.00
[2025-04-06 16:11:37] Transferencia desde cuenta 1001: >50.00
[2025-04-06 16:14:37] Depósito en cuenta 1002: +9050.00
[2025-04-06 16:14:44] ALERTA: Operación revertida en cuenta 1002 por monto 9000.00
[2025-04-06 16:14:58] Transferencia desde cuenta 1002: >90.00
[2025-04-06 16:15:08] Retiro en cuenta 1002: -1001.00
[2025-04-06 16:15:24] Transferencia desde cuenta 1002: >3.00
[2025-04-06 16:15:32] ALERTA: Operación revertida en cuenta 1002 por monto 13000.00
[2025-04-06 16:17:28] Transferencia desde cuenta 1002: >90.00
[2025-04-06 23:25:51] Depósito en cuenta 1003: +10000.00
[2025-04-06 23:26:05] Retiro en cuenta 1002: -4000.00
[2025-04-06 23:26:13] ALERTA: Operación revertida en cuenta 1002 por monto 9000.00
[2025-04-06 23:26:20] Transferencia desde cuenta 1002: >2000.00
[2025-04-06 23:26:29] ALERTA: Operación revertida en cuenta 1002 por monto 15000.00
[2025-04-06 23:26:45] ALERTA: Operación revertida en cuenta 1002 por monto 15000.00
[2025-05-13 13:28:53] OK
[2025-05-13 13:28:56] OK
[2025-05-13 13:28:58] OK
[2025-05-13 13:29:03] OK
[2025-05-13 13:59:21] OK
[2025-05-13 13:59:27] OK
[2025-05-13 14:01:15] ALERTA: Operación revertida en cuenta 1002 por monto 10000.00
[2025-05-13 14:06:22] OK
[2025-05-13 14:06:28] ALERTA: Operación revertida en cuenta 1003 por monto 10000.00
[2025-05-13 14:16:20] OK
[2025-05-17 13:03:08] OK
[2025-05-17 13:41:48] OK
[2025-05-17 13:54:34] OK
[2025-05-17 13:55:11] OK
[2025-05-17 13:55:30] ALERTA: Operación revertida en cuenta 1001 por monto 10000.00
